{"/Users/enolrh/Desktop/NTT/RetoSolidario/nora-management-system/backend/src/lib/descuento.js": {"path":"/Users/enolrh/Desktop/NTT/RetoSolidario/nora-management-system/backend/src/lib/descuento.js","statementMap":{"0":{"start":{"line":5,"column":15},"end":{"line":5,"column":18}},"1":{"start":{"line":6,"column":15},"end":{"line":6,"column":18}},"2":{"start":{"line":10,"column":4},"end":{"line":11,"column":69}},"3":{"start":{"line":12,"column":20},"end":{"line":12,"column":48}},"4":{"start":{"line":13,"column":20},"end":{"line":13,"column":40}},"5":{"start":{"line":14,"column":2},"end":{"line":14,"column":39}},"6":{"start":{"line":23,"column":19},"end":{"line":23,"column":21}},"7":{"start":{"line":24,"column":2},"end":{"line":27,"column":3}},"8":{"start":{"line":25,"column":4},"end":{"line":25,"column":93}},"9":{"start":{"line":25,"column":33},"end":{"line":25,"column":93}},"10":{"start":{"line":26,"column":4},"end":{"line":26,"column":35}},"11":{"start":{"line":28,"column":2},"end":{"line":33,"column":6}},"12":{"start":{"line":28,"column":43},"end":{"line":33,"column":3}},"13":{"start":{"line":41,"column":18},"end":{"line":44,"column":4}},"14":{"start":{"line":45,"column":2},"end":{"line":45,"column":46}},"15":{"start":{"line":45,"column":34},"end":{"line":45,"column":46}},"16":{"start":{"line":47,"column":19},"end":{"line":50,"column":4}},"17":{"start":{"line":51,"column":2},"end":{"line":51,"column":41}},"18":{"start":{"line":51,"column":29},"end":{"line":51,"column":41}},"19":{"start":{"line":53,"column":27},"end":{"line":56,"column":4}},"20":{"start":{"line":54,"column":48},"end":{"line":54,"column":52}},"21":{"start":{"line":57,"column":2},"end":{"line":57,"column":49}},"22":{"start":{"line":57,"column":37},"end":{"line":57,"column":49}},"23":{"start":{"line":59,"column":26},"end":{"line":59,"column":82}},"24":{"start":{"line":59,"column":62},"end":{"line":59,"column":78}},"25":{"start":{"line":62,"column":22},"end":{"line":62,"column":66}},"26":{"start":{"line":63,"column":2},"end":{"line":70,"column":3}},"27":{"start":{"line":64,"column":4},"end":{"line":69,"column":5}},"28":{"start":{"line":65,"column":6},"end":{"line":68,"column":7}},"29":{"start":{"line":66,"column":45},"end":{"line":66,"column":75}},"30":{"start":{"line":67,"column":8},"end":{"line":67,"column":98}},"31":{"start":{"line":72,"column":2},"end":{"line":72,"column":25}},"32":{"start":{"line":79,"column":17},"end":{"line":83,"column":4}},"33":{"start":{"line":84,"column":12},"end":{"line":84,"column":13}},"34":{"start":{"line":85,"column":2},"end":{"line":88,"column":3}},"35":{"start":{"line":86,"column":18},"end":{"line":86,"column":52}},"36":{"start":{"line":87,"column":4},"end":{"line":87,"column":44}},"37":{"start":{"line":87,"column":15},"end":{"line":87,"column":44}},"38":{"start":{"line":89,"column":2},"end":{"line":89,"column":51}},"39":{"start":{"line":92,"column":0},"end":{"line":92,"column":121}}},"fnMap":{"0":{"name":"calcularDescuento","decl":{"start":{"line":8,"column":9},"end":{"line":8,"column":26}},"loc":{"start":{"line":8,"column":61},"end":{"line":15,"column":1}},"line":8},"1":{"name":"agruparSesionesEnLineas","decl":{"start":{"line":22,"column":9},"end":{"line":22,"column":32}},"loc":{"start":{"line":22,"column":43},"end":{"line":34,"column":1}},"line":22},"2":{"name":"(anonymous_2)","decl":{"start":{"line":28,"column":37},"end":{"line":28,"column":38}},"loc":{"start":{"line":28,"column":43},"end":{"line":33,"column":3}},"line":28},"3":{"name":"obtenerSubtotalHermano","decl":{"start":{"line":40,"column":15},"end":{"line":40,"column":37}},"loc":{"start":{"line":40,"column":78},"end":{"line":73,"column":1}},"line":40},"4":{"name":"(anonymous_4)","decl":{"start":{"line":54,"column":43},"end":{"line":54,"column":44}},"loc":{"start":{"line":54,"column":48},"end":{"line":54,"column":52}},"line":54},"5":{"name":"(anonymous_5)","decl":{"start":{"line":59,"column":50},"end":{"line":59,"column":51}},"loc":{"start":{"line":59,"column":62},"end":{"line":59,"column":78}},"line":59},"6":{"name":"siguienteNumRecibo","decl":{"start":{"line":78,"column":15},"end":{"line":78,"column":33}},"loc":{"start":{"line":78,"column":48},"end":{"line":90,"column":1}},"line":78}},"branchMap":{"0":{"loc":{"start":{"line":8,"column":37},"end":{"line":8,"column":59}},"type":"default-arg","locations":[{"start":{"line":8,"column":55},"end":{"line":8,"column":59}}],"line":8},"1":{"loc":{"start":{"line":10,"column":4},"end":{"line":11,"column":69}},"type":"binary-expr","locations":[{"start":{"line":10,"column":4},"end":{"line":10,"column":21}},{"start":{"line":11,"column":5},"end":{"line":11,"column":29}},{"start":{"line":11,"column":33},"end":{"line":11,"column":68}}],"line":10},"2":{"loc":{"start":{"line":12,"column":20},"end":{"line":12,"column":48}},"type":"cond-expr","locations":[{"start":{"line":12,"column":30},"end":{"line":12,"column":44}},{"start":{"line":12,"column":47},"end":{"line":12,"column":48}}],"line":12},"3":{"loc":{"start":{"line":25,"column":4},"end":{"line":25,"column":93}},"type":"if","locations":[{"start":{"line":25,"column":4},"end":{"line":25,"column":93}},{"start":{},"end":{}}],"line":25},"4":{"loc":{"start":{"line":45,"column":2},"end":{"line":45,"column":46}},"type":"if","locations":[{"start":{"line":45,"column":2},"end":{"line":45,"column":46}},{"start":{},"end":{}}],"line":45},"5":{"loc":{"start":{"line":51,"column":2},"end":{"line":51,"column":41}},"type":"if","locations":[{"start":{"line":51,"column":2},"end":{"line":51,"column":41}},{"start":{},"end":{}}],"line":51},"6":{"loc":{"start":{"line":57,"column":2},"end":{"line":57,"column":49}},"type":"if","locations":[{"start":{"line":57,"column":2},"end":{"line":57,"column":49}},{"start":{},"end":{}}],"line":57},"7":{"loc":{"start":{"line":63,"column":2},"end":{"line":70,"column":3}},"type":"if","locations":[{"start":{"line":63,"column":2},"end":{"line":70,"column":3}},{"start":{},"end":{}}],"line":63},"8":{"loc":{"start":{"line":65,"column":6},"end":{"line":68,"column":7}},"type":"if","locations":[{"start":{"line":65,"column":6},"end":{"line":68,"column":7}},{"start":{},"end":{}}],"line":65},"9":{"loc":{"start":{"line":85,"column":2},"end":{"line":88,"column":3}},"type":"if","locations":[{"start":{"line":85,"column":2},"end":{"line":88,"column":3}},{"start":{},"end":{}}],"line":85},"10":{"loc":{"start":{"line":87,"column":4},"end":{"line":87,"column":44}},"type":"if","locations":[{"start":{"line":87,"column":4},"end":{"line":87,"column":44}},{"start":{},"end":{}}],"line":87}},"s":{"0":1,"1":1,"2":16,"3":16,"4":16,"5":16,"6":4,"7":4,"8":12,"9":5,"10":12,"11":4,"12":5,"13":6,"14":6,"15":1,"16":5,"17":5,"18":1,"19":4,"20":4,"21":4,"22":1,"23":3,"24":3,"25":3,"26":3,"27":3,"28":3,"29":2,"30":2,"31":3,"32":4,"33":4,"34":4,"35":3,"36":3,"37":3,"38":4,"39":1},"f":{"0":16,"1":4,"2":5,"3":6,"4":4,"5":3,"6":4},"b":{"0":[8],"1":[16,13,8],"2":[8,8],"3":[5,7],"4":[1,5],"5":[1,4],"6":[1,3],"7":[3,0],"8":[2,1],"9":[3,1],"10":[3,0]},"_coverageSchema":"1a1c01bbd47fc00a2c39e90264f33305004495a9","hash":"f94635457592a5d67bdf5df645b787363177883c"}
,"/Users/enolrh/Desktop/NTT/RetoSolidario/nora-management-system/backend/src/lib/schemas.js": {"path":"/Users/enolrh/Desktop/NTT/RetoSolidario/nora-management-system/backend/src/lib/schemas.js","statementMap":{"0":{"start":{"line":1,"column":14},"end":{"line":1,"column":28}},"1":{"start":{"line":5,"column":20},"end":{"line":5,"column":72}},"2":{"start":{"line":6,"column":22},"end":{"line":6,"column":45}},"3":{"start":{"line":7,"column":20},"end":{"line":7,"column":52}},"4":{"start":{"line":8,"column":20},"end":{"line":8,"column":29}},"5":{"start":{"line":10,"column":24},"end":{"line":10,"column":82}},"6":{"start":{"line":13,"column":2},"end":{"line":13,"column":25}},"7":{"start":{"line":13,"column":13},"end":{"line":13,"column":25}},"8":{"start":{"line":14,"column":16},"end":{"line":14,"column":53}},"9":{"start":{"line":15,"column":23},"end":{"line":15,"column":57}},"10":{"start":{"line":16,"column":2},"end":{"line":16,"column":66}},"11":{"start":{"line":16,"column":53},"end":{"line":16,"column":66}},"12":{"start":{"line":17,"column":2},"end":{"line":17,"column":43}},"13":{"start":{"line":17,"column":30},"end":{"line":17,"column":43}},"14":{"start":{"line":18,"column":21},"end":{"line":18,"column":55}},"15":{"start":{"line":19,"column":19},"end":{"line":19,"column":107}},"16":{"start":{"line":19,"column":49},"end":{"line":19,"column":97}},"17":{"start":{"line":20,"column":14},"end":{"line":20,"column":15}},"18":{"start":{"line":21,"column":2},"end":{"line":23,"column":3}},"19":{"start":{"line":22,"column":4},"end":{"line":22,"column":41}},"20":{"start":{"line":24,"column":2},"end":{"line":24,"column":21}},"21":{"start":{"line":28,"column":24},"end":{"line":28,"column":82}},"22":{"start":{"line":28,"column":72},"end":{"line":28,"column":81}},"23":{"start":{"line":29,"column":24},"end":{"line":30,"column":73}},"24":{"start":{"line":30,"column":63},"end":{"line":30,"column":72}},"25":{"start":{"line":31,"column":24},"end":{"line":32,"column":73}},"26":{"start":{"line":32,"column":63},"end":{"line":32,"column":72}},"27":{"start":{"line":33,"column":24},"end":{"line":34,"column":73}},"28":{"start":{"line":34,"column":63},"end":{"line":34,"column":72}},"29":{"start":{"line":35,"column":24},"end":{"line":36,"column":73}},"30":{"start":{"line":36,"column":63},"end":{"line":36,"column":72}},"31":{"start":{"line":37,"column":24},"end":{"line":39,"column":82}},"32":{"start":{"line":38,"column":18},"end":{"line":38,"column":63}},"33":{"start":{"line":43,"column":20},"end":{"line":64,"column":30}},"34":{"start":{"line":56,"column":117},"end":{"line":56,"column":126}},"35":{"start":{"line":57,"column":116},"end":{"line":57,"column":125}},"36":{"start":{"line":66,"column":26},"end":{"line":66,"column":66}},"37":{"start":{"line":70,"column":23},"end":{"line":80,"column":2}},"38":{"start":{"line":77,"column":125},"end":{"line":77,"column":134}},"39":{"start":{"line":84,"column":22},"end":{"line":106,"column":2}},"40":{"start":{"line":98,"column":134},"end":{"line":98,"column":143}},"41":{"start":{"line":110,"column":24},"end":{"line":120,"column":2}},"42":{"start":{"line":124,"column":21},"end":{"line":136,"column":2}},"43":{"start":{"line":141,"column":2},"end":{"line":157,"column":4}},"44":{"start":{"line":142,"column":19},"end":{"line":142,"column":48}},"45":{"start":{"line":143,"column":4},"end":{"line":149,"column":5}},"46":{"start":{"line":144,"column":22},"end":{"line":147,"column":9}},"47":{"start":{"line":144,"column":52},"end":{"line":147,"column":7}},"48":{"start":{"line":148,"column":6},"end":{"line":148,"column":74}},"49":{"start":{"line":151,"column":25},"end":{"line":151,"column":58}},"50":{"start":{"line":152,"column":21},"end":{"line":154,"column":5}},"51":{"start":{"line":153,"column":50},"end":{"line":153,"column":69}},"52":{"start":{"line":155,"column":4},"end":{"line":155,"column":27}},"53":{"start":{"line":156,"column":4},"end":{"line":156,"column":11}},"54":{"start":{"line":160,"column":0},"end":{"line":170,"column":2}}},"fnMap":{"0":{"name":"validarIBAN","decl":{"start":{"line":12,"column":9},"end":{"line":12,"column":20}},"loc":{"start":{"line":12,"column":27},"end":{"line":25,"column":1}},"line":12},"1":{"name":"(anonymous_1)","decl":{"start":{"line":19,"column":44},"end":{"line":19,"column":45}},"loc":{"start":{"line":19,"column":49},"end":{"line":19,"column":97}},"line":19},"2":{"name":"(anonymous_2)","decl":{"start":{"line":28,"column":67},"end":{"line":28,"column":68}},"loc":{"start":{"line":28,"column":72},"end":{"line":28,"column":81}},"line":28},"3":{"name":"(anonymous_3)","decl":{"start":{"line":30,"column":58},"end":{"line":30,"column":59}},"loc":{"start":{"line":30,"column":63},"end":{"line":30,"column":72}},"line":30},"4":{"name":"(anonymous_4)","decl":{"start":{"line":32,"column":58},"end":{"line":32,"column":59}},"loc":{"start":{"line":32,"column":63},"end":{"line":32,"column":72}},"line":32},"5":{"name":"(anonymous_5)","decl":{"start":{"line":34,"column":58},"end":{"line":34,"column":59}},"loc":{"start":{"line":34,"column":63},"end":{"line":34,"column":72}},"line":34},"6":{"name":"(anonymous_6)","decl":{"start":{"line":36,"column":58},"end":{"line":36,"column":59}},"loc":{"start":{"line":36,"column":63},"end":{"line":36,"column":72}},"line":36},"7":{"name":"(anonymous_7)","decl":{"start":{"line":38,"column":13},"end":{"line":38,"column":14}},"loc":{"start":{"line":38,"column":18},"end":{"line":38,"column":63}},"line":38},"8":{"name":"(anonymous_8)","decl":{"start":{"line":56,"column":112},"end":{"line":56,"column":113}},"loc":{"start":{"line":56,"column":117},"end":{"line":56,"column":126}},"line":56},"9":{"name":"(anonymous_9)","decl":{"start":{"line":57,"column":111},"end":{"line":57,"column":112}},"loc":{"start":{"line":57,"column":116},"end":{"line":57,"column":125}},"line":57},"10":{"name":"(anonymous_10)","decl":{"start":{"line":77,"column":120},"end":{"line":77,"column":121}},"loc":{"start":{"line":77,"column":125},"end":{"line":77,"column":134}},"line":77},"11":{"name":"(anonymous_11)","decl":{"start":{"line":98,"column":129},"end":{"line":98,"column":130}},"loc":{"start":{"line":98,"column":134},"end":{"line":98,"column":143}},"line":98},"12":{"name":"validate","decl":{"start":{"line":140,"column":9},"end":{"line":140,"column":17}},"loc":{"start":{"line":140,"column":43},"end":{"line":158,"column":1}},"line":140},"13":{"name":"(anonymous_13)","decl":{"start":{"line":141,"column":9},"end":{"line":141,"column":10}},"loc":{"start":{"line":141,"column":29},"end":{"line":157,"column":3}},"line":141},"14":{"name":"(anonymous_14)","decl":{"start":{"line":144,"column":46},"end":{"line":144,"column":47}},"loc":{"start":{"line":144,"column":52},"end":{"line":147,"column":7}},"line":144},"15":{"name":"(anonymous_15)","decl":{"start":{"line":153,"column":41},"end":{"line":153,"column":42}},"loc":{"start":{"line":153,"column":50},"end":{"line":153,"column":69}},"line":153}},"branchMap":{"0":{"loc":{"start":{"line":13,"column":2},"end":{"line":13,"column":25}},"type":"if","locations":[{"start":{"line":13,"column":2},"end":{"line":13,"column":25}},{"start":{},"end":{}}],"line":13},"1":{"loc":{"start":{"line":16,"column":2},"end":{"line":16,"column":66}},"type":"if","locations":[{"start":{"line":16,"column":2},"end":{"line":16,"column":66}},{"start":{},"end":{}}],"line":16},"2":{"loc":{"start":{"line":16,"column":6},"end":{"line":16,"column":51}},"type":"binary-expr","locations":[{"start":{"line":16,"column":6},"end":{"line":16,"column":18}},{"start":{"line":16,"column":22},"end":{"line":16,"column":51}}],"line":16},"3":{"loc":{"start":{"line":17,"column":2},"end":{"line":17,"column":43}},"type":"if","locations":[{"start":{"line":17,"column":2},"end":{"line":17,"column":43}},{"start":{},"end":{}}],"line":17},"4":{"loc":{"start":{"line":19,"column":49},"end":{"line":19,"column":97}},"type":"cond-expr","locations":[{"start":{"line":19,"column":60},"end":{"line":19,"column":93}},{"start":{"line":19,"column":96},"end":{"line":19,"column":97}}],"line":19},"5":{"loc":{"start":{"line":28,"column":72},"end":{"line":28,"column":81}},"type":"binary-expr","locations":[{"start":{"line":28,"column":72},"end":{"line":28,"column":73}},{"start":{"line":28,"column":77},"end":{"line":28,"column":81}}],"line":28},"6":{"loc":{"start":{"line":30,"column":63},"end":{"line":30,"column":72}},"type":"binary-expr","locations":[{"start":{"line":30,"column":63},"end":{"line":30,"column":64}},{"start":{"line":30,"column":68},"end":{"line":30,"column":72}}],"line":30},"7":{"loc":{"start":{"line":32,"column":63},"end":{"line":32,"column":72}},"type":"binary-expr","locations":[{"start":{"line":32,"column":63},"end":{"line":32,"column":64}},{"start":{"line":32,"column":68},"end":{"line":32,"column":72}}],"line":32},"8":{"loc":{"start":{"line":34,"column":63},"end":{"line":34,"column":72}},"type":"binary-expr","locations":[{"start":{"line":34,"column":63},"end":{"line":34,"column":64}},{"start":{"line":34,"column":68},"end":{"line":34,"column":72}}],"line":34},"9":{"loc":{"start":{"line":36,"column":63},"end":{"line":36,"column":72}},"type":"binary-expr","locations":[{"start":{"line":36,"column":63},"end":{"line":36,"column":64}},{"start":{"line":36,"column":68},"end":{"line":36,"column":72}}],"line":36},"10":{"loc":{"start":{"line":38,"column":18},"end":{"line":38,"column":63}},"type":"cond-expr","locations":[{"start":{"line":38,"column":22},"end":{"line":38,"column":56}},{"start":{"line":38,"column":59},"end":{"line":38,"column":63}}],"line":38},"11":{"loc":{"start":{"line":56,"column":117},"end":{"line":56,"column":126}},"type":"binary-expr","locations":[{"start":{"line":56,"column":117},"end":{"line":56,"column":118}},{"start":{"line":56,"column":122},"end":{"line":56,"column":126}}],"line":56},"12":{"loc":{"start":{"line":57,"column":116},"end":{"line":57,"column":125}},"type":"binary-expr","locations":[{"start":{"line":57,"column":116},"end":{"line":57,"column":117}},{"start":{"line":57,"column":121},"end":{"line":57,"column":125}}],"line":57},"13":{"loc":{"start":{"line":77,"column":125},"end":{"line":77,"column":134}},"type":"binary-expr","locations":[{"start":{"line":77,"column":125},"end":{"line":77,"column":126}},{"start":{"line":77,"column":130},"end":{"line":77,"column":134}}],"line":77},"14":{"loc":{"start":{"line":98,"column":134},"end":{"line":98,"column":143}},"type":"binary-expr","locations":[{"start":{"line":98,"column":134},"end":{"line":98,"column":135}},{"start":{"line":98,"column":139},"end":{"line":98,"column":143}}],"line":98},"15":{"loc":{"start":{"line":140,"column":26},"end":{"line":140,"column":41}},"type":"default-arg","locations":[{"start":{"line":140,"column":35},"end":{"line":140,"column":41}}],"line":140},"16":{"loc":{"start":{"line":143,"column":4},"end":{"line":149,"column":5}},"type":"if","locations":[{"start":{"line":143,"column":4},"end":{"line":149,"column":5}},{"start":{},"end":{}}],"line":143},"17":{"loc":{"start":{"line":145,"column":15},"end":{"line":145,"column":42}},"type":"binary-expr","locations":[{"start":{"line":145,"column":15},"end":{"line":145,"column":31}},{"start":{"line":145,"column":35},"end":{"line":145,"column":42}}],"line":145}},"s":{"0":1,"1":1,"2":1,"3":1,"4":1,"5":1,"6":6,"7":2,"8":4,"9":4,"10":4,"11":1,"12":3,"13":0,"14":3,"15":3,"16":72,"17":3,"18":3,"19":9,"20":3,"21":1,"22":85,"23":1,"24":15,"25":1,"26":31,"27":1,"28":15,"29":1,"30":16,"31":1,"32":6,"33":1,"34":10,"35":11,"36":1,"37":1,"38":0,"39":1,"40":4,"41":1,"42":1,"43":0,"44":0,"45":0,"46":0,"47":0,"48":0,"49":0,"50":0,"51":0,"52":0,"53":0,"54":1},"f":{"0":6,"1":72,"2":85,"3":15,"4":31,"5":15,"6":16,"7":6,"8":10,"9":11,"10":0,"11":4,"12":0,"13":0,"14":0,"15":0},"b":{"0":[2,4],"1":[1,3],"2":[4,4],"3":[0,3],"4":[6,66],"5":[85,85],"6":[15,15],"7":[31,31],"8":[15,14],"9":[16,16],"10":[4,2],"11":[10,10],"12":[11,11],"13":[0,0],"14":[4,4],"15":[0],"16":[0,0],"17":[0,0]},"_coverageSchema":"1a1c01bbd47fc00a2c39e90264f33305004495a9","hash":"96dd187ace9e25354a21b920aae5d34a75ca72bb"}
}
