TN:
SF:src/lib/descuento.js
FN:8,calcularDescuento
FN:22,agruparSesionesEnLineas
FN:28,(anonymous_2)
FN:40,obtenerSubtotalHermano
FN:54,(anonymous_4)
FN:59,(anonymous_5)
FN:78,siguienteNumRecibo
FNF:7
FNH:7
FNDA:16,calcularDescuento
FNDA:4,agruparSesionesEnLineas
FNDA:5,(anonymous_2)
FNDA:6,obtenerSubtotalHermano
FNDA:4,(anonymous_4)
FNDA:3,(anonymous_5)
FNDA:4,siguienteNumRecibo
DA:5,1
DA:6,1
DA:10,16
DA:12,16
DA:13,16
DA:14,16
DA:23,4
DA:24,4
DA:25,12
DA:26,12
DA:28,5
DA:41,6
DA:45,6
DA:47,5
DA:51,5
DA:53,4
DA:54,4
DA:57,4
DA:59,3
DA:62,3
DA:63,3
DA:64,3
DA:65,3
DA:66,2
DA:67,2
DA:72,3
DA:79,4
DA:84,4
DA:85,4
DA:86,3
DA:87,3
DA:89,4
DA:92,1
LF:33
LH:33
BRDA:8,0,0,8
BRDA:10,1,0,16
BRDA:10,1,1,13
BRDA:10,1,2,8
BRDA:12,2,0,8
BRDA:12,2,1,8
BRDA:25,3,0,5
BRDA:25,3,1,7
BRDA:45,4,0,1
BRDA:45,4,1,5
BRDA:51,5,0,1
BRDA:51,5,1,4
BRDA:57,6,0,1
BRDA:57,6,1,3
BRDA:63,7,0,3
BRDA:63,7,1,0
BRDA:65,8,0,2
BRDA:65,8,1,1
BRDA:85,9,0,3
BRDA:85,9,1,1
BRDA:87,10,0,3
BRDA:87,10,1,0
BRF:22
BRH:20
end_of_record
TN:
SF:src/lib/schemas.js
FN:12,validarIBAN
FN:19,(anonymous_1)
FN:28,(anonymous_2)
FN:30,(anonymous_3)
FN:32,(anonymous_4)
FN:34,(anonymous_5)
FN:36,(anonymous_6)
FN:38,(anonymous_7)
FN:56,(anonymous_8)
FN:57,(anonymous_9)
FN:77,(anonymous_10)
FN:98,(anonymous_11)
FN:140,validate
FN:141,(anonymous_13)
FN:144,(anonymous_14)
FN:153,(anonymous_15)
FNF:16
FNH:11
FNDA:6,validarIBAN
FNDA:72,(anonymous_1)
FNDA:85,(anonymous_2)
FNDA:15,(anonymous_3)
FNDA:31,(anonymous_4)
FNDA:15,(anonymous_5)
FNDA:16,(anonymous_6)
FNDA:6,(anonymous_7)
FNDA:10,(anonymous_8)
FNDA:11,(anonymous_9)
FNDA:0,(anonymous_10)
FNDA:4,(anonymous_11)
FNDA:0,validate
FNDA:0,(anonymous_13)
FNDA:0,(anonymous_14)
FNDA:0,(anonymous_15)
DA:1,1
DA:5,1
DA:6,1
DA:7,1
DA:8,1
DA:10,1
DA:13,6
DA:14,4
DA:15,4
DA:16,4
DA:17,3
DA:18,3
DA:19,72
DA:20,3
DA:21,3
DA:22,9
DA:24,3
DA:28,85
DA:29,1
DA:30,15
DA:31,1
DA:32,31
DA:33,1
DA:34,15
DA:35,1
DA:36,16
DA:37,1
DA:38,6
DA:43,1
DA:56,10
DA:57,11
DA:66,1
DA:70,1
DA:77,0
DA:84,1
DA:98,4
DA:110,1
DA:124,1
DA:141,0
DA:142,0
DA:143,0
DA:144,0
DA:148,0
DA:151,0
DA:152,0
DA:153,0
DA:155,0
DA:156,0
DA:160,1
LF:49
LH:38
BRDA:13,0,0,2
BRDA:13,0,1,4
BRDA:16,1,0,1
BRDA:16,1,1,3
BRDA:16,2,0,4
BRDA:16,2,1,4
BRDA:17,3,0,0
BRDA:17,3,1,3
BRDA:19,4,0,6
BRDA:19,4,1,66
BRDA:28,5,0,85
BRDA:28,5,1,85
BRDA:30,6,0,15
BRDA:30,6,1,15
BRDA:32,7,0,31
BRDA:32,7,1,31
BRDA:34,8,0,15
BRDA:34,8,1,14
BRDA:36,9,0,16
BRDA:36,9,1,16
BRDA:38,10,0,4
BRDA:38,10,1,2
BRDA:56,11,0,10
BRDA:56,11,1,10
BRDA:57,12,0,11
BRDA:57,12,1,11
BRDA:77,13,0,0
BRDA:77,13,1,0
BRDA:98,14,0,4
BRDA:98,14,1,4
BRDA:140,15,0,0
BRDA:143,16,0,0
BRDA:143,16,1,0
BRDA:145,17,0,0
BRDA:145,17,1,0
BRF:35
BRH:27
end_of_record
